#-----------------------------------------------------------
# Webtalk v2018.2.2 (64-bit)
# SW Build 2348494 on Mon Oct  1 18:25:44 MDT 2018
# 
# Start of session at: Tue Mar 29 17:48:47 2022
# Process ID: 21844
# Current directory: V:/software/m1_for_arty_s7/sdk_workspace/webtalk
# Command line: wbtcv.exe -mode batch -source sdk_webtalk.tcl
# Log file: V:/software/m1_for_arty_s7/sdk_workspace/webtalk/webtalk.log
# Journal file: V:/software/m1_for_arty_s7/sdk_workspace/webtalk\webtalk.jou
#-----------------------------------------------------------
source sdk_webtalk.tcl
# webtalk_init -webtalk_dir V:\\software\\m1_for_arty_s7\\sdk_workspace\\webtalk
# webtalk_register_client -client project
# webtalk_add_data -client project -key date_generated -value "2022-03-29 17:48:46" -context "software_version_and_target_device"
# webtalk_add_data -client project -key product_version -value "SDK v2018.2" -context "software_version_and_target_device"
# webtalk_add_data -client project -key build_version -value "2018.2" -context "software_version_and_target_device"
# webtalk_add_data -client project -key os_platform -value "amd64" -context "software_version_and_target_device"
# webtalk_add_data -client project -key registration_id -value "212439034_0_0_358" -context "software_version_and_target_device"
# webtalk_add_data -client project -key tool_flow -value "SDK" -context "software_version_and_target_device"
# webtalk_add_data -client project -key beta -value "false" -context "software_version_and_target_device"
# webtalk_add_data -client project -key route_design -value "NA" -context "software_version_and_target_device"
# webtalk_add_data -client project -key target_family -value "NA" -context "software_version_and_target_device"
# webtalk_add_data -client project -key target_device -value "NA" -context "software_version_and_target_device"
# webtalk_add_data -client project -key target_package -value "NA" -context "software_version_and_target_device"
# webtalk_add_data -client project -key target_speed -value "NA" -context "software_version_and_target_device"
# webtalk_add_data -client project -key random_id -value "50cj6qjeo0pqf3apl2961sdg4b" -context "software_version_and_target_device"
# webtalk_add_data -client project -key project_id -value "2018.2_2" -context "software_version_and_target_device"
# webtalk_add_data -client project -key project_iteration -value "2" -context "software_version_and_target_device"
# webtalk_add_data -client project -key os_name -value "Microsoft Windows 8 or later , 64-bit" -context "user_environment"
# webtalk_add_data -client project -key os_release -value "major release  (build 9200)" -context "user_environment"
# webtalk_add_data -client project -key cpu_name -value "AMD Ryzen 5 1600 Six-Core Processor            " -context "user_environment"
# webtalk_add_data -client project -key cpu_speed -value "3294 MHz" -context "user_environment"
# webtalk_add_data -client project -key total_processors -value "2" -context "user_environment"
# webtalk_add_data -client project -key system_ram -value "17.107 GB" -context "user_environment"
# webtalk_register_client -client sdk
# webtalk_add_data -client sdk -key uid -value "1648589994539" -context "sdk\\\\bsp/1648589994539"
# webtalk_add_data -client sdk -key hwid -value "1648589011936" -context "sdk\\\\bsp/1648589994539"
# webtalk_add_data -client sdk -key os -value "standalone" -context "sdk\\\\bsp/1648589994539"
# webtalk_add_data -client sdk -key apptemplate -value "null" -context "sdk\\\\bsp/1648589994539"
# webtalk_add_data -client sdk -key RecordType -value "BSPCreation" -context "sdk\\\\bsp/1648589994539"
# webtalk_add_data -client sdk -key uid -value "NA" -context "sdk\\\\bsp/1648590526154"
# webtalk_add_data -client sdk -key RecordType -value "ToolUsage" -context "sdk\\\\bsp/1648590526154"
# webtalk_add_data -client sdk -key BootgenCount -value "0" -context "sdk\\\\bsp/1648590526154"
# webtalk_add_data -client sdk -key DebugCount -value "0" -context "sdk\\\\bsp/1648590526154"
# webtalk_add_data -client sdk -key PerfCount -value "0" -context "sdk\\\\bsp/1648590526154"
# webtalk_add_data -client sdk -key FlashCount -value "0" -context "sdk\\\\bsp/1648590526154"
# webtalk_add_data -client sdk -key CrossTriggCount -value "0" -context "sdk\\\\bsp/1648590526154"
# webtalk_add_data -client sdk -key QemuDebugCount -value "0" -context "sdk\\\\bsp/1648590526154"
# webtalk_transmit -clientid 2349582947 -regid "212439034_0_0_358" -xml V:\\software\\m1_for_arty_s7\\sdk_workspace\\webtalk\\usage_statistics_ext_sdk.xml -html V:\\software\\m1_for_arty_s7\\sdk_workspace\\webtalk\\usage_statistics_ext_sdk.html -wdm V:\\software\\m1_for_arty_s7\\sdk_workspace\\webtalk\\sdk_webtalk.wdm -intro "<H3>SDK Usage Report</H3><BR>"
# webtalk_terminate
INFO: [Common 17-206] Exiting Webtalk at Tue Mar 29 17:48:51 2022...
