17:23:25 INFO  : Registering command handlers for SDK TCF services
17:23:26 INFO  : Launching XSCT server: xsct.bat -interactive V:\software\m1_for_arty_s7\sdk_workspace\temp_xsdb_launch_script.tcl
17:23:29 INFO  : XSCT server has started successfully.
17:23:29 INFO  : Successfully done setting XSCT server connection channel  
17:23:29 INFO  : Successfully done setting SDK workspace  
17:23:29 INFO  : Processing command line option -hwspec V:/software/m1_for_arty_s7_wrapper.hdf.
17:25:12 INFO  : Saving repository preferences.
17:25:12 INFO  : Reading in cores from global repositories: 
		 C:\Users\Gregory\AT472-BU-98000-r0p1-00rel0\vivado\Arm_sw_repository
17:25:12 INFO  : Cleaning BSP projects in the workspace.
17:25:14 INFO  : Saving repository preferences.
17:39:05 INFO  : Launching XSCT server: xsct.bat -interactive V:\software\m1_for_arty_s7\sdk_workspace\temp_xsdb_launch_script.tcl
17:39:07 INFO  : XSCT server has started successfully.
17:39:09 INFO  : Successfully done setting XSCT server connection channel  
17:39:09 INFO  : Successfully done setting SDK workspace  
17:39:12 INFO  : Registering command handlers for SDK TCF services
17:39:12 INFO  : Restoring global repository preferences: 
		 C:\Users\Gregory\AT472-BU-98000-r0p1-00rel0\vivado\Arm_sw_repository
17:39:12 INFO  : Processing command line option -hwspec V:/software/m1_for_arty_s7_wrapper.hdf.
17:39:13 INFO  : Checking for hwspec changes in the project m1_for_arty_s7_wrapper_hw_platform_0.
17:39:13 INFO  : SDK has detected change in the last modified timestamps for source hardware specification file Source:1648589932212,  Project:1648584502866
17:39:13 INFO  : The hardware specification for project 'm1_for_arty_s7_wrapper_hw_platform_0' is different from V:/software/m1_for_arty_s7_wrapper.hdf.
17:39:13 INFO  : Copied contents of V:/software/m1_for_arty_s7_wrapper.hdf into \m1_for_arty_s7_wrapper_hw_platform_0\system.hdf.
17:39:13 INFO  : Synchronizing projects in the workspace with the hardware platform specification changes.
17:39:13 INFO  : Clearing existing target manager status.
17:39:13 INFO  : Workspace synchronized with the new hardware specification file. Cleaning dependent projects...
17:39:13 WARN  : Linker script will not be updated automatically. Users need to update it manually.
13:54:58 INFO  : Launching XSCT server: xsct.bat -interactive C:\Users\Gregory\AT472-BU-98000-r0p1-00rel0\software\m1_for_arty_s7\sdk_workspace\temp_xsdb_launch_script.tcl
13:55:01 INFO  : XSCT server has started successfully.
13:55:01 INFO  : Successfully done setting XSCT server connection channel  
13:55:01 INFO  : Successfully done setting SDK workspace  
13:55:01 INFO  : Restoring global repository preferences: 
		 C:\Users\Gregory\AT472-BU-98000-r0p1-00rel0\vivado\Arm_sw_repository
13:55:06 INFO  : Registering command handlers for SDK TCF services
13:55:06 INFO  : Processing command line option -hwspec C:/Users/Gregory/AT472-BU-98000-r0p1-00rel0/software/m1_for_arty_s7_wrapper.hdf.
13:55:09 INFO  : BSP Project P/standalone_bsp_0 has been successfully migrated.
13:56:52 INFO  : Saving repository preferences.
13:57:53 ERROR : Unable to load properties file .sdkproject for project standalone_bsp_0.
