#-----------------------------------------------------------
# updatemem v2018.2.2 (64-bit)
# SW Build 2348494 on Mon Oct  1 18:25:44 MDT 2018
# IP Build 2318053 on Mon Oct  1 21:44:26 MDT 2018
# Start of session at: Thu Mar 31 14:44:50 2022
# Process ID: 12532
# Current directory: C:/Users/Gregory/AT472-BU-98000-r0p1-00rel0/hardware/m1_for_arty_s7/m1_for_arty_s7
# Command line: updatemem.exe -mode batch -source C:/Xilinx/Vivado/2018.2/scripts/updatemem/main.tcl -notrace -tclargs -meminfo ./m1.mmi -data ./bram_s7.elf -proc dummy -bit ./m1_for_arty_s7.runs/impl_1/m1_for_arty_s7_wrapper.bit -out m1_for_arty_s7.bit -force
# Log file: C:/Users/Gregory/AT472-BU-98000-r0p1-00rel0/hardware/m1_for_arty_s7/m1_for_arty_s7/updatemem.log
# Journal file: C:/Users/Gregory/AT472-BU-98000-r0p1-00rel0/hardware/m1_for_arty_s7/m1_for_arty_s7\updatemem.jou
#-----------------------------------------------------------
source C:/Xilinx/Vivado/2018.2/scripts/updatemem/main.tcl -notrace
Command: update_mem -meminfo ./m1.mmi -data ./bram_s7.elf -proc dummy -bit ./m1_for_arty_s7.runs/impl_1/m1_for_arty_s7_wrapper.bit -out m1_for_arty_s7.bit -force
Loading bitfile ./m1_for_arty_s7.runs/impl_1/m1_for_arty_s7_wrapper.bit
Loading data files...
Updating memory content...
Creating bitstream...
Writing bitstream m1_for_arty_s7.bit...
0 Infos, 0 Warnings, 0 Critical Warnings and 0 Errors encountered.
update_mem completed successfully
update_mem: Time (s): cpu = 00:00:12 ; elapsed = 00:00:15 . Memory (MB): peak = 517.953 ; gain = 462.164
INFO: [Common 17-206] Exiting updatemem at Thu Mar 31 14:45:05 2022...
